<?xml version="1.0" encoding="UTF-8"?>
<!-- Generated by org.testng.reporters.JUnitReportReporter -->
<testsuite hostname="Dinuka" failures="0" tests="1" name="com.automation.framework.api.UpdateUserTest" time="0.675" errors="0" timestamp="2025-04-11T17:12:52 IST" skipped="0">
  <testcase classname="com.automation.framework.api.UpdateUserTest" name="basicPutReq" time="0.675"/>
</testsuite> <!-- com.automation.framework.api.UpdateUserTest -->
