<?xml version="1.0" encoding="UTF-8"?>
<!-- Generated by org.testng.reporters.JUnitReportReporter -->
<testsuite hostname="Dinuka" failures="0" tests="3" name="com.automation.framework.api.GetUserByParamsTest" time="1.519" errors="0" timestamp="2025-04-11T17:12:52 IST" skipped="0">
  <testcase classname="com.automation.framework.api.GetUserByParamsTest" name="getUserBySinglePathParam" time="0.261"/>
  <testcase classname="com.automation.framework.api.GetUserByParamsTest" name="getUserBySingleQueryParam" time="0.276"/>
  <testcase classname="com.automation.framework.api.GetUserByParamsTest" name="getUserByMultiQueryParams" time="0.982"/>
</testsuite> <!-- com.automation.framework.api.GetUserByParamsTest -->
