<?xml version="1.0" encoding="UTF-8"?>
<!-- Generated by org.testng.reporters.JUnitReportReporter -->
<testsuite hostname="Dinuka" failures="0" tests="2" name="com.automation.framework.api.CreateUserTest" time="3.717" errors="0" timestamp="2025-04-11T17:12:52 IST" skipped="0">
  <testcase classname="com.automation.framework.api.CreateUserTest" name="basicPostReq" time="3.033"/>
  <testcase classname="com.automation.framework.api.CreateUserTest" name="dynamicPostReqTest" time="0.684"/>
</testsuite> <!-- com.automation.framework.api.CreateUserTest -->
